<?xml version="1.0" encoding="UTF-8"?>
<!-- Generated by org.testng.reporters.JUnitReportReporter -->
<testsuite skipped="0" hostname="EC2AMAZ-JP7UKQJ" name="One" tests="1" failures="0" timestamp="2020-03-20T07:10:22 UTC" time="2.188" errors="0">
  <testcase name="test_01" time="2.188" classname="One"/>
  <system-out/>
</testsuite> <!-- One -->
