<?xml version="1.0" encoding="UTF-8"?>
<!-- Generated by org.testng.reporters.JUnitReportReporter -->
<testsuite skipped="0" hostname="EC2AMAZ-JP7UKQJ" name="tests.TestsOnLocalAPI" tests="1" failures="0" timestamp="2020-03-21T01:13:48 UTC" time="1.853" errors="0">
  <testcase name="delete" time="1.853" classname="tests.TestsOnLocalAPI"/>
  <system-out/>
</testsuite> <!-- tests.TestsOnLocalAPI -->
