<?xml version="1.0" encoding="UTF-8"?>
<!-- Generated by org.testng.reporters.JUnitReportReporter -->
<testsuite skipped="0" hostname="EC2AMAZ-JP7UKQJ" name="tests.SoapXMLRequest" tests="1" failures="0" timestamp="2020-12-11T07:20:00 UTC" time="2.989" errors="0">
  <testcase name="validateSoapXML" time="2.989" classname="tests.SoapXMLRequest"/>
  <system-out/>
</testsuite> <!-- tests.SoapXMLRequest -->
