<?xml version="1.0" encoding="UTF-8"?>
<!-- Generated by org.testng.reporters.JUnitReportReporter -->
<testsuite skipped="0" hostname="EC2AMAZ-JP7UKQJ" name="demo.TestsOnLocalAPI" tests="1" failures="0" timestamp="2020-03-21T00:57:10 UTC" time="1.903" errors="0">
  <testcase name="delete" time="1.903" classname="demo.TestsOnLocalAPI"/>
  <system-out/>
</testsuite> <!-- demo.TestsOnLocalAPI -->
