<?xml version="1.0" encoding="UTF-8"?>
<!-- Generated by org.testng.reporters.JUnitReportReporter -->
<testsuite skipped="0" hostname="EC2AMAZ-JP7UKQJ" name="tests.XMLSchemaValidation" tests="1" failures="0" timestamp="2020-12-12T04:52:06 UTC" time="2.855" errors="0">
  <testcase name="schemaValidation" time="2.855" classname="tests.XMLSchemaValidation"/>
  <system-out/>
</testsuite> <!-- tests.XMLSchemaValidation -->
