<?xml version="1.0" encoding="UTF-8"?>
<!-- Generated by org.testng.reporters.JUnitReportReporter -->
<testsuite skipped="0" hostname="EC2AMAZ-JP7UKQJ" name="tests.GetAndPostExamples" tests="1" failures="0" timestamp="2020-03-20T12:05:50 UTC" time="2.425" errors="0">
  <testcase name="testPost" time="2.425" classname="tests.GetAndPostExamples"/>
  <system-out/>
</testsuite> <!-- tests.GetAndPostExamples -->
