<?xml version="1.0" encoding="UTF-8"?>
<!-- Generated by org.testng.reporters.JUnitReportReporter -->
<testsuite skipped="0" hostname="EC2AMAZ-JP7UKQJ" name="demo.GetAndPostExamples" tests="1" failures="0" timestamp="2020-03-20T11:39:29 UTC" time="0.010" errors="0">
  <testcase name="postTest" time="0.010" classname="demo.GetAndPostExamples"/>
  <system-out/>
</testsuite> <!-- demo.GetAndPostExamples -->
