<?xml version="1.0" encoding="UTF-8"?>
<!-- Generated by org.testng.reporters.JUnitReportReporter -->
<testsuite skipped="0" hostname="EC2AMAZ-JP7UKQJ" name="tests.TestsExamples" tests="2" failures="0" timestamp="2020-03-20T10:38:57 UTC" time="2.985" errors="0">
  <testcase name="test_2" time="0.937" classname="tests.TestsExamples"/>
  <system-out/>
  <testcase name="test_1" time="2.048" classname="tests.TestsExamples"/>
  <system-out/>
</testsuite> <!-- tests.TestsExamples -->
