<?xml version="1.0" encoding="UTF-8"?>
<!-- Generated by org.testng.reporters.JUnitReportReporter -->
<testsuite skipped="0" hostname="EC2AMAZ-JP7UKQJ" name="tests.PutPatchDeleteExamples" tests="3" failures="0" timestamp="2020-03-20T14:29:33 UTC" time="3.091" errors="0">
  <testcase name="testPatch" time="0.379" classname="tests.PutPatchDeleteExamples"/>
  <system-out/>
  <testcase name="testDelete" time="2.427" classname="tests.PutPatchDeleteExamples"/>
  <system-out/>
  <testcase name="testPut" time="0.285" classname="tests.PutPatchDeleteExamples"/>
  <system-out/>
</testsuite> <!-- tests.PutPatchDeleteExamples -->
